<?xml version="1.0" encoding="UTF-8"?>
<!-- Generated by org.testng.reporters.JUnitXMLReporter -->
<testsuite ignored="0" hostname="Ahmeds-MacBook-Pro.local" failures="0" tests="13" name="Default test" time="65.407" errors="0" timestamp="2022-01-25T18:23:34 EST">
  <testcase classname="tests.AmazonSearchWithExcel" name="amazonSearchWithExcel" time="3.671"/>
  <testcase classname="tests.AmazonSearchWithExcel" name="amazonSearchWithExcel" time="3.576"/>
  <testcase classname="tests.AmazonSearchWithExcel" name="amazonSearchWithExcel" time="3.627"/>
  <testcase classname="tests.AmazonSearchWithExcel" name="amazonSearchWithExcel" time="3.663"/>
  <testcase classname="tests.AmazonSearchWithExcel" name="amazonSearchWithExcel" time="3.453"/>
  <testcase classname="tests.AmazonSearchWithExcel" name="amazonSearchWithExcel" time="3.656"/>
  <testcase classname="tests.AmazonSearchWithExcel" name="amazonSearchWithExcel" time="4.383"/>
  <testcase classname="tests.AmazonSearchWithExcel" name="amazonSearchWithExcel" time="4.189"/>
  <testcase classname="tests.AmazonSearchWithExcel" name="amazonSearchWithExcel" time="3.271"/>
  <testcase classname="tests.AmazonSearchWithExcel" name="amazonSearchWithExcel" time="3.795"/>
  <testcase classname="tests.AmazonSearchWithExcel" name="amazonSearchWithExcel" time="3.954"/>
  <testcase classname="tests.AmazonSearchWithExcel" name="amazonSearchWithExcel" time="4.012"/>
  <testcase classname="tests.AmazonSearchWithExcel" name="amazonSearchWithExcel" time="3.327"/>
</testsuite> <!-- Default test -->
