<?xml version="1.0" encoding="UTF-8"?>
<testng-results ignored="0" total="13" passed="13" failed="0" skipped="0">
  <reporter-output>
  </reporter-output>
  <suite started-at="2022-01-25T18:22:27 EST" name="Default suite" finished-at="2022-01-25T18:23:33 EST" duration-ms="65407">
    <groups>
    </groups>
    <test started-at="2022-01-25T18:22:27 EST" name="Default test" finished-at="2022-01-25T18:23:33 EST" duration-ms="65407">
      <class name="tests.AmazonSearchWithExcel">
        <test-method is-config="true" signature="beforeMethod()[pri:0, instance:tests.AmazonSearchWithExcel@4d02f94e]" started-at="2022-01-25T18:22:28 EST" name="beforeMethod" finished-at="2022-01-25T18:22:29 EST" duration-ms="1527" status="PASS">
          <reporter-output>
          </reporter-output>
        </test-method> <!-- beforeMethod -->
        <test-method signature="amazonSearchWithExcel(java.lang.String)[pri:0, instance:tests.AmazonSearchWithExcel@4d02f94e]" started-at="2022-01-25T18:22:29 EST" name="amazonSearchWithExcel" data-provider="searchData" finished-at="2022-01-25T18:22:33 EST" duration-ms="3671" status="PASS">
          <params>
            <param index="0">
              <value>
                <![CDATA[coffee mug]]>
              </value>
            </param>
          </params>
          <reporter-output>
          </reporter-output>
        </test-method> <!-- amazonSearchWithExcel -->
        <test-method is-config="true" signature="afterMethod()[pri:0, instance:tests.AmazonSearchWithExcel@4d02f94e]" started-at="2022-01-25T18:22:33 EST" name="afterMethod" finished-at="2022-01-25T18:22:33 EST" duration-ms="125" status="PASS">
          <reporter-output>
          </reporter-output>
        </test-method> <!-- afterMethod -->
        <test-method is-config="true" signature="beforeMethod()[pri:0, instance:tests.AmazonSearchWithExcel@4d02f94e]" started-at="2022-01-25T18:22:33 EST" name="beforeMethod" finished-at="2022-01-25T18:22:34 EST" duration-ms="1099" status="PASS">
          <reporter-output>
          </reporter-output>
        </test-method> <!-- beforeMethod -->
        <test-method signature="amazonSearchWithExcel(java.lang.String)[pri:0, instance:tests.AmazonSearchWithExcel@4d02f94e]" started-at="2022-01-25T18:22:34 EST" name="amazonSearchWithExcel" data-provider="searchData" finished-at="2022-01-25T18:22:38 EST" duration-ms="3576" status="PASS">
          <params>
            <param index="0">
              <value>
                <![CDATA[pretty coffee mug]]>
              </value>
            </param>
          </params>
          <reporter-output>
          </reporter-output>
        </test-method> <!-- amazonSearchWithExcel -->
        <test-method is-config="true" signature="afterMethod()[pri:0, instance:tests.AmazonSearchWithExcel@4d02f94e]" started-at="2022-01-25T18:22:38 EST" name="afterMethod" finished-at="2022-01-25T18:22:38 EST" duration-ms="126" status="PASS">
          <reporter-output>
          </reporter-output>
        </test-method> <!-- afterMethod -->
        <test-method is-config="true" signature="beforeMethod()[pri:0, instance:tests.AmazonSearchWithExcel@4d02f94e]" started-at="2022-01-25T18:22:38 EST" name="beforeMethod" finished-at="2022-01-25T18:22:39 EST" duration-ms="1085" status="PASS">
          <reporter-output>
          </reporter-output>
        </test-method> <!-- beforeMethod -->
        <test-method signature="amazonSearchWithExcel(java.lang.String)[pri:0, instance:tests.AmazonSearchWithExcel@4d02f94e]" started-at="2022-01-25T18:22:39 EST" name="amazonSearchWithExcel" data-provider="searchData" finished-at="2022-01-25T18:22:43 EST" duration-ms="3627" status="PASS">
          <params>
            <param index="0">
              <value>
                <![CDATA[cool coffee mug]]>
              </value>
            </param>
          </params>
          <reporter-output>
          </reporter-output>
        </test-method> <!-- amazonSearchWithExcel -->
        <test-method is-config="true" signature="afterMethod()[pri:0, instance:tests.AmazonSearchWithExcel@4d02f94e]" started-at="2022-01-25T18:22:43 EST" name="afterMethod" finished-at="2022-01-25T18:22:43 EST" duration-ms="120" status="PASS">
          <reporter-output>
          </reporter-output>
        </test-method> <!-- afterMethod -->
        <test-method is-config="true" signature="beforeMethod()[pri:0, instance:tests.AmazonSearchWithExcel@4d02f94e]" started-at="2022-01-25T18:22:43 EST" name="beforeMethod" finished-at="2022-01-25T18:22:44 EST" duration-ms="1065" status="PASS">
          <reporter-output>
          </reporter-output>
        </test-method> <!-- beforeMethod -->
        <test-method signature="amazonSearchWithExcel(java.lang.String)[pri:0, instance:tests.AmazonSearchWithExcel@4d02f94e]" started-at="2022-01-25T18:22:44 EST" name="amazonSearchWithExcel" data-provider="searchData" finished-at="2022-01-25T18:22:47 EST" duration-ms="3663" status="PASS">
          <params>
            <param index="0">
              <value>
                <![CDATA[cute coffee mug]]>
              </value>
            </param>
          </params>
          <reporter-output>
          </reporter-output>
        </test-method> <!-- amazonSearchWithExcel -->
        <test-method is-config="true" signature="afterMethod()[pri:0, instance:tests.AmazonSearchWithExcel@4d02f94e]" started-at="2022-01-25T18:22:47 EST" name="afterMethod" finished-at="2022-01-25T18:22:48 EST" duration-ms="124" status="PASS">
          <reporter-output>
          </reporter-output>
        </test-method> <!-- afterMethod -->
        <test-method is-config="true" signature="beforeMethod()[pri:0, instance:tests.AmazonSearchWithExcel@4d02f94e]" started-at="2022-01-25T18:22:48 EST" name="beforeMethod" finished-at="2022-01-25T18:22:49 EST" duration-ms="1096" status="PASS">
          <reporter-output>
          </reporter-output>
        </test-method> <!-- beforeMethod -->
        <test-method signature="amazonSearchWithExcel(java.lang.String)[pri:0, instance:tests.AmazonSearchWithExcel@4d02f94e]" started-at="2022-01-25T18:22:49 EST" name="amazonSearchWithExcel" data-provider="searchData" finished-at="2022-01-25T18:22:52 EST" duration-ms="3453" status="PASS">
          <params>
            <param index="0">
              <value>
                <![CDATA[ugly coffee mug]]>
              </value>
            </param>
          </params>
          <reporter-output>
          </reporter-output>
        </test-method> <!-- amazonSearchWithExcel -->
        <test-method is-config="true" signature="afterMethod()[pri:0, instance:tests.AmazonSearchWithExcel@4d02f94e]" started-at="2022-01-25T18:22:52 EST" name="afterMethod" finished-at="2022-01-25T18:22:52 EST" duration-ms="172" status="PASS">
          <reporter-output>
          </reporter-output>
        </test-method> <!-- afterMethod -->
        <test-method is-config="true" signature="beforeMethod()[pri:0, instance:tests.AmazonSearchWithExcel@4d02f94e]" started-at="2022-01-25T18:22:52 EST" name="beforeMethod" finished-at="2022-01-25T18:22:53 EST" duration-ms="1067" status="PASS">
          <reporter-output>
          </reporter-output>
        </test-method> <!-- beforeMethod -->
        <test-method signature="amazonSearchWithExcel(java.lang.String)[pri:0, instance:tests.AmazonSearchWithExcel@4d02f94e]" started-at="2022-01-25T18:22:53 EST" name="amazonSearchWithExcel" data-provider="searchData" finished-at="2022-01-25T18:22:57 EST" duration-ms="3656" status="PASS">
          <params>
            <param index="0">
              <value>
                <![CDATA[awesome coffee mug]]>
              </value>
            </param>
          </params>
          <reporter-output>
          </reporter-output>
        </test-method> <!-- amazonSearchWithExcel -->
        <test-method is-config="true" signature="afterMethod()[pri:0, instance:tests.AmazonSearchWithExcel@4d02f94e]" started-at="2022-01-25T18:22:57 EST" name="afterMethod" finished-at="2022-01-25T18:22:57 EST" duration-ms="128" status="PASS">
          <reporter-output>
          </reporter-output>
        </test-method> <!-- afterMethod -->
        <test-method is-config="true" signature="beforeMethod()[pri:0, instance:tests.AmazonSearchWithExcel@4d02f94e]" started-at="2022-01-25T18:22:57 EST" name="beforeMethod" finished-at="2022-01-25T18:22:58 EST" duration-ms="1074" status="PASS">
          <reporter-output>
          </reporter-output>
        </test-method> <!-- beforeMethod -->
        <test-method signature="amazonSearchWithExcel(java.lang.String)[pri:0, instance:tests.AmazonSearchWithExcel@4d02f94e]" started-at="2022-01-25T18:22:58 EST" name="amazonSearchWithExcel" data-provider="searchData" finished-at="2022-01-25T18:23:03 EST" duration-ms="4383" status="PASS">
          <params>
            <param index="0">
              <value>
                <![CDATA[coffee cup]]>
              </value>
            </param>
          </params>
          <reporter-output>
          </reporter-output>
        </test-method> <!-- amazonSearchWithExcel -->
        <test-method is-config="true" signature="afterMethod()[pri:0, instance:tests.AmazonSearchWithExcel@4d02f94e]" started-at="2022-01-25T18:23:03 EST" name="afterMethod" finished-at="2022-01-25T18:23:03 EST" duration-ms="180" status="PASS">
          <reporter-output>
          </reporter-output>
        </test-method> <!-- afterMethod -->
        <test-method is-config="true" signature="beforeMethod()[pri:0, instance:tests.AmazonSearchWithExcel@4d02f94e]" started-at="2022-01-25T18:23:03 EST" name="beforeMethod" finished-at="2022-01-25T18:23:04 EST" duration-ms="1046" status="PASS">
          <reporter-output>
          </reporter-output>
        </test-method> <!-- beforeMethod -->
        <test-method signature="amazonSearchWithExcel(java.lang.String)[pri:0, instance:tests.AmazonSearchWithExcel@4d02f94e]" started-at="2022-01-25T18:23:04 EST" name="amazonSearchWithExcel" data-provider="searchData" finished-at="2022-01-25T18:23:08 EST" duration-ms="4189" status="PASS">
          <params>
            <param index="0">
              <value>
                <![CDATA[coffee mug for men]]>
              </value>
            </param>
          </params>
          <reporter-output>
          </reporter-output>
        </test-method> <!-- amazonSearchWithExcel -->
        <test-method is-config="true" signature="afterMethod()[pri:0, instance:tests.AmazonSearchWithExcel@4d02f94e]" started-at="2022-01-25T18:23:08 EST" name="afterMethod" finished-at="2022-01-25T18:23:08 EST" duration-ms="176" status="PASS">
          <reporter-output>
          </reporter-output>
        </test-method> <!-- afterMethod -->
        <test-method is-config="true" signature="beforeMethod()[pri:0, instance:tests.AmazonSearchWithExcel@4d02f94e]" started-at="2022-01-25T18:23:08 EST" name="beforeMethod" finished-at="2022-01-25T18:23:09 EST" duration-ms="1053" status="PASS">
          <reporter-output>
          </reporter-output>
        </test-method> <!-- beforeMethod -->
        <test-method signature="amazonSearchWithExcel(java.lang.String)[pri:0, instance:tests.AmazonSearchWithExcel@4d02f94e]" started-at="2022-01-25T18:23:09 EST" name="amazonSearchWithExcel" data-provider="searchData" finished-at="2022-01-25T18:23:13 EST" duration-ms="3271" status="PASS">
          <params>
            <param index="0">
              <value>
                <![CDATA[coffee for woman]]>
              </value>
            </param>
          </params>
          <reporter-output>
          </reporter-output>
        </test-method> <!-- amazonSearchWithExcel -->
        <test-method is-config="true" signature="afterMethod()[pri:0, instance:tests.AmazonSearchWithExcel@4d02f94e]" started-at="2022-01-25T18:23:13 EST" name="afterMethod" finished-at="2022-01-25T18:23:13 EST" duration-ms="118" status="PASS">
          <reporter-output>
          </reporter-output>
        </test-method> <!-- afterMethod -->
        <test-method is-config="true" signature="beforeMethod()[pri:0, instance:tests.AmazonSearchWithExcel@4d02f94e]" started-at="2022-01-25T18:23:13 EST" name="beforeMethod" finished-at="2022-01-25T18:23:14 EST" duration-ms="1084" status="PASS">
          <reporter-output>
          </reporter-output>
        </test-method> <!-- beforeMethod -->
        <test-method signature="amazonSearchWithExcel(java.lang.String)[pri:0, instance:tests.AmazonSearchWithExcel@4d02f94e]" started-at="2022-01-25T18:23:14 EST" name="amazonSearchWithExcel" data-provider="searchData" finished-at="2022-01-25T18:23:18 EST" duration-ms="3795" status="PASS">
          <params>
            <param index="0">
              <value>
                <![CDATA[office chair]]>
              </value>
            </param>
          </params>
          <reporter-output>
          </reporter-output>
        </test-method> <!-- amazonSearchWithExcel -->
        <test-method is-config="true" signature="afterMethod()[pri:0, instance:tests.AmazonSearchWithExcel@4d02f94e]" started-at="2022-01-25T18:23:18 EST" name="afterMethod" finished-at="2022-01-25T18:23:18 EST" duration-ms="177" status="PASS">
          <reporter-output>
          </reporter-output>
        </test-method> <!-- afterMethod -->
        <test-method is-config="true" signature="beforeMethod()[pri:0, instance:tests.AmazonSearchWithExcel@4d02f94e]" started-at="2022-01-25T18:23:18 EST" name="beforeMethod" finished-at="2022-01-25T18:23:19 EST" duration-ms="1064" status="PASS">
          <reporter-output>
          </reporter-output>
        </test-method> <!-- beforeMethod -->
        <test-method signature="amazonSearchWithExcel(java.lang.String)[pri:0, instance:tests.AmazonSearchWithExcel@4d02f94e]" started-at="2022-01-25T18:23:19 EST" name="amazonSearchWithExcel" data-provider="searchData" finished-at="2022-01-25T18:23:23 EST" duration-ms="3954" status="PASS">
          <params>
            <param index="0">
              <value>
                <![CDATA[office desk]]>
              </value>
            </param>
          </params>
          <reporter-output>
          </reporter-output>
        </test-method> <!-- amazonSearchWithExcel -->
        <test-method is-config="true" signature="afterMethod()[pri:0, instance:tests.AmazonSearchWithExcel@4d02f94e]" started-at="2022-01-25T18:23:23 EST" name="afterMethod" finished-at="2022-01-25T18:23:23 EST" duration-ms="131" status="PASS">
          <reporter-output>
          </reporter-output>
        </test-method> <!-- afterMethod -->
        <test-method is-config="true" signature="beforeMethod()[pri:0, instance:tests.AmazonSearchWithExcel@4d02f94e]" started-at="2022-01-25T18:23:23 EST" name="beforeMethod" finished-at="2022-01-25T18:23:24 EST" duration-ms="1084" status="PASS">
          <reporter-output>
          </reporter-output>
        </test-method> <!-- beforeMethod -->
        <test-method signature="amazonSearchWithExcel(java.lang.String)[pri:0, instance:tests.AmazonSearchWithExcel@4d02f94e]" started-at="2022-01-25T18:23:24 EST" name="amazonSearchWithExcel" data-provider="searchData" finished-at="2022-01-25T18:23:28 EST" duration-ms="4012" status="PASS">
          <params>
            <param index="0">
              <value>
                <![CDATA[dell monitor]]>
              </value>
            </param>
          </params>
          <reporter-output>
          </reporter-output>
        </test-method> <!-- amazonSearchWithExcel -->
        <test-method is-config="true" signature="afterMethod()[pri:0, instance:tests.AmazonSearchWithExcel@4d02f94e]" started-at="2022-01-25T18:23:28 EST" name="afterMethod" finished-at="2022-01-25T18:23:28 EST" duration-ms="176" status="PASS">
          <reporter-output>
          </reporter-output>
        </test-method> <!-- afterMethod -->
        <test-method is-config="true" signature="beforeMethod()[pri:0, instance:tests.AmazonSearchWithExcel@4d02f94e]" started-at="2022-01-25T18:23:28 EST" name="beforeMethod" finished-at="2022-01-25T18:23:29 EST" duration-ms="1067" status="PASS">
          <reporter-output>
          </reporter-output>
        </test-method> <!-- beforeMethod -->
        <test-method signature="amazonSearchWithExcel(java.lang.String)[pri:0, instance:tests.AmazonSearchWithExcel@4d02f94e]" started-at="2022-01-25T18:23:29 EST" name="amazonSearchWithExcel" data-provider="searchData" finished-at="2022-01-25T18:23:32 EST" duration-ms="3327" status="PASS">
          <params>
            <param index="0">
              <value>
                <![CDATA[dell monitor 24]]>
              </value>
            </param>
          </params>
          <reporter-output>
          </reporter-output>
        </test-method> <!-- amazonSearchWithExcel -->
        <test-method is-config="true" signature="afterMethod()[pri:0, instance:tests.AmazonSearchWithExcel@4d02f94e]" started-at="2022-01-25T18:23:32 EST" name="afterMethod" finished-at="2022-01-25T18:23:33 EST" duration-ms="172" status="PASS">
          <reporter-output>
          </reporter-output>
        </test-method> <!-- afterMethod -->
      </class> <!-- tests.AmazonSearchWithExcel -->
    </test> <!-- Default test -->
  </suite> <!-- Default suite -->
</testng-results>
